2015-05-23 08:10:38,016 DEBUG [AWT-EventQueue-0] com.wifictrl.sender.ui.Main(110) - Mouse entered
2015-05-23 08:10:38,018 DEBUG [AWT-EventQueue-0] com.wifictrl.sender.ui.Main(110) - Mouse exited
2015-05-23 08:10:38,018 DEBUG [AWT-EventQueue-0] com.wifictrl.sender.ui.Main(110) - Mouse entered
2015-05-23 08:10:38,623 DEBUG [AWT-EventQueue-0] com.wifictrl.sender.ui.Main(110) - Mouse exited
2015-05-23 08:10:38,624 DEBUG [AWT-EventQueue-0] com.wifictrl.sender.ui.Main(110) - Mouse entered
2015-05-23 08:10:38,663 DEBUG [AWT-EventQueue-0] com.wifictrl.sender.ui.Main(110) - Mouse exited
2015-05-23 08:10:38,665 DEBUG [AWT-EventQueue-0] com.wifictrl.sender.ui.Main(110) - Mouse entered
2015-05-23 08:10:40,359 DEBUG [AWT-EventQueue-0] com.wifictrl.sender.ui.Main(110) - Mouse exited
2015-05-23 08:10:40,360 DEBUG [AWT-EventQueue-0] com.wifictrl.sender.ui.Main(110) - Mouse entered
2015-05-23 08:10:40,383 DEBUG [AWT-EventQueue-0] com.wifictrl.sender.ui.Main(110) - Mouse exited
2015-05-23 08:10:41,048 DEBUG [AWT-EventQueue-0] com.wifictrl.sender.ui.Main(110) - Mouse entered
2015-05-23 08:10:41,055 DEBUG [AWT-EventQueue-0] com.wifictrl.sender.ui.Main(110) - Mouse exited
2015-05-23 08:10:41,056 DEBUG [AWT-EventQueue-0] com.wifictrl.sender.ui.Main(110) - Mouse entered
2015-05-23 08:10:42,711 DEBUG [AWT-EventQueue-0] com.wifictrl.sender.ui.Main(110) - Mouse exited
2015-05-23 08:10:42,712 DEBUG [AWT-EventQueue-0] com.wifictrl.sender.ui.Main(110) - Mouse entered
2015-05-23 08:10:42,743 DEBUG [AWT-EventQueue-0] com.wifictrl.sender.ui.Main(110) - Mouse exited
2015-05-23 08:10:42,744 DEBUG [AWT-EventQueue-0] com.wifictrl.sender.ui.Main(110) - Mouse entered
2015-05-23 08:10:48,327 DEBUG [AWT-EventQueue-0] com.wifictrl.sender.ui.Main(110) - Mouse exited
2015-05-23 08:10:48,328 DEBUG [AWT-EventQueue-0] com.wifictrl.sender.ui.Main(110) - Mouse entered
2015-05-23 08:10:48,351 DEBUG [AWT-EventQueue-0] com.wifictrl.sender.ui.Main(110) - Mouse exited
2015-05-23 08:10:48,751 DEBUG [AWT-EventQueue-0] com.wifictrl.sender.ui.Main(110) - Mouse entered
2015-05-23 08:10:48,775 DEBUG [AWT-EventQueue-0] com.wifictrl.sender.ui.Main(110) - Mouse exited
2015-05-23 08:10:48,776 DEBUG [AWT-EventQueue-0] com.wifictrl.sender.ui.Main(110) - Mouse entered
2015-05-23 08:10:49,479 DEBUG [AWT-EventQueue-0] com.wifictrl.sender.ui.Main(110) - Mouse exited
2015-05-23 08:10:49,480 DEBUG [AWT-EventQueue-0] com.wifictrl.sender.ui.Main(110) - Mouse entered
2015-05-23 08:10:49,726 DEBUG [AWT-EventQueue-0] com.wifictrl.sender.ui.Main(110) - Mouse exited
2015-05-23 08:10:49,728 DEBUG [AWT-EventQueue-0] com.wifictrl.sender.ui.Main(110) - Mouse entered
2015-05-23 08:10:51,478 DEBUG [AWT-EventQueue-0] com.wifictrl.sender.ui.Main(110) - Mouse exited
2015-05-23 08:10:51,480 DEBUG [AWT-EventQueue-0] com.wifictrl.sender.ui.Main(110) - Mouse entered
2015-05-23 08:10:51,487 DEBUG [AWT-EventQueue-0] com.wifictrl.sender.ui.Main(110) - Mouse exited
2015-05-23 08:10:51,527 DEBUG [AWT-EventQueue-0] com.wifictrl.sender.ui.Main(110) - Mouse entered
2015-05-23 08:10:51,534 DEBUG [AWT-EventQueue-0] com.wifictrl.sender.ui.Main(110) - Mouse exited
2015-05-23 08:10:51,536 DEBUG [AWT-EventQueue-0] com.wifictrl.sender.ui.Main(110) - Mouse entered
2015-05-23 08:10:56,014 DEBUG [AWT-EventQueue-0] com.wifictrl.sender.ui.Main(110) - Mouse exited
2015-05-23 08:10:56,016 DEBUG [AWT-EventQueue-0] com.wifictrl.sender.ui.Main(110) - Mouse entered
2015-05-23 08:10:56,126 DEBUG [AWT-EventQueue-0] com.wifictrl.sender.ui.Main(110) - Mouse exited
2015-05-23 08:10:56,128 DEBUG [AWT-EventQueue-0] com.wifictrl.sender.ui.Main(110) - Mouse entered
2015-05-23 08:11:08,964 DEBUG [AWT-EventQueue-0] com.wifictrl.sender.ui.Main(110) - Mouse pressed (# of clicks: 1)
2015-05-23 08:11:09,039 DEBUG [AWT-EventQueue-0] com.wifictrl.sender.ui.Main(110) - Mouse released (# of clicks: 1)
2015-05-23 08:11:09,040 DEBUG [AWT-EventQueue-0] com.wifictrl.sender.ui.Main(110) - Mouse clicked (# of clicks: 1)
2015-05-23 08:11:09,919 DEBUG [AWT-EventQueue-0] com.wifictrl.sender.ui.Main(110) - Mouse pressed (# of clicks: 1)
2015-05-23 08:11:10,038 DEBUG [AWT-EventQueue-0] com.wifictrl.sender.ui.Main(110) - Mouse released (# of clicks: 1)
2015-05-23 08:11:10,039 DEBUG [AWT-EventQueue-0] com.wifictrl.sender.ui.Main(110) - Mouse clicked (# of clicks: 1)
2015-05-23 08:11:10,687 DEBUG [AWT-EventQueue-0] com.wifictrl.sender.ui.Main(110) - Mouse pressed (# of clicks: 1)
2015-05-23 08:11:10,799 DEBUG [AWT-EventQueue-0] com.wifictrl.sender.ui.Main(110) - Mouse released (# of clicks: 1)
2015-05-23 08:11:10,800 DEBUG [AWT-EventQueue-0] com.wifictrl.sender.ui.Main(110) - Mouse clicked (# of clicks: 1)
2015-05-23 08:11:11,263 DEBUG [AWT-EventQueue-0] com.wifictrl.sender.ui.Main(110) - Mouse pressed (# of clicks: 1)
2015-05-23 08:11:12,374 DEBUG [AWT-EventQueue-0] com.wifictrl.sender.ui.Main(110) - Mouse released (# of clicks: 1)
2015-05-23 08:11:12,376 DEBUG [AWT-EventQueue-0] com.wifictrl.sender.ui.Main(110) - Mouse clicked (# of clicks: 1)
2015-05-23 08:11:13,071 DEBUG [AWT-EventQueue-0] com.wifictrl.sender.ui.Main(110) - Mouse pressed (# of clicks: 1)
2015-05-23 08:11:13,606 DEBUG [AWT-EventQueue-0] com.wifictrl.sender.ui.Main(110) - Mouse released (# of clicks: 1)
2015-05-23 08:11:13,608 DEBUG [AWT-EventQueue-0] com.wifictrl.sender.ui.Main(110) - Mouse clicked (# of clicks: 1)
2015-05-23 08:11:14,135 DEBUG [AWT-EventQueue-0] com.wifictrl.sender.ui.Main(110) - Mouse pressed (# of clicks: 1)
2015-05-23 08:11:15,150 DEBUG [AWT-EventQueue-0] com.wifictrl.sender.ui.Main(110) - Mouse released (# of clicks: 1)
2015-05-23 08:11:15,152 DEBUG [AWT-EventQueue-0] com.wifictrl.sender.ui.Main(110) - Mouse clicked (# of clicks: 1)
2015-05-23 08:11:16,487 DEBUG [AWT-EventQueue-0] com.wifictrl.sender.ui.Main(110) - Mouse pressed (# of clicks: 1)
2015-05-23 08:11:16,958 DEBUG [AWT-EventQueue-0] com.wifictrl.sender.ui.Main(110) - Mouse released (# of clicks: 1)
2015-05-23 08:11:16,960 DEBUG [AWT-EventQueue-0] com.wifictrl.sender.ui.Main(110) - Mouse clicked (# of clicks: 1)
2015-05-23 08:11:17,271 DEBUG [AWT-EventQueue-0] com.wifictrl.sender.ui.Main(110) - Mouse pressed (# of clicks: 1)
2015-05-23 08:11:18,398 DEBUG [AWT-EventQueue-0] com.wifictrl.sender.ui.Main(110) - Mouse released (# of clicks: 1)
2015-05-23 08:11:18,399 DEBUG [AWT-EventQueue-0] com.wifictrl.sender.ui.Main(110) - Mouse clicked (# of clicks: 1)
2015-05-23 08:11:19,127 DEBUG [AWT-EventQueue-0] com.wifictrl.sender.ui.Main(110) - Mouse pressed (# of clicks: 1)
2015-05-23 08:11:19,422 DEBUG [AWT-EventQueue-0] com.wifictrl.sender.ui.Main(110) - Mouse released (# of clicks: 1)
2015-05-23 08:11:19,424 DEBUG [AWT-EventQueue-0] com.wifictrl.sender.ui.Main(110) - Mouse clicked (# of clicks: 1)
2015-05-23 08:11:20,023 DEBUG [AWT-EventQueue-0] com.wifictrl.sender.ui.Main(110) - Mouse pressed (# of clicks: 1)
2015-05-23 08:11:20,398 DEBUG [AWT-EventQueue-0] com.wifictrl.sender.ui.Main(110) - Mouse released (# of clicks: 1)
2015-05-23 08:11:20,400 DEBUG [AWT-EventQueue-0] com.wifictrl.sender.ui.Main(110) - Mouse clicked (# of clicks: 1)
2015-05-23 08:11:24,887 DEBUG [AWT-EventQueue-0] com.wifictrl.sender.ui.Main(110) - Mouse pressed (# of clicks: 1)
2015-05-23 08:11:24,990 DEBUG [AWT-EventQueue-0] com.wifictrl.sender.ui.Main(110) - Mouse released (# of clicks: 1)
2015-05-23 08:11:24,992 DEBUG [AWT-EventQueue-0] com.wifictrl.sender.ui.Main(110) - Mouse clicked (# of clicks: 1)
2015-05-23 08:11:26,334 DEBUG [AWT-EventQueue-0] com.wifictrl.sender.ui.Main(110) - Mouse exited
2015-05-23 08:11:26,336 DEBUG [AWT-EventQueue-0] com.wifictrl.sender.ui.Main(110) - Mouse entered
2015-05-23 08:11:26,358 DEBUG [AWT-EventQueue-0] com.wifictrl.sender.ui.Main(110) - Mouse exited
2015-05-23 08:11:26,360 DEBUG [AWT-EventQueue-0] com.wifictrl.sender.ui.Main(110) - Mouse entered
2015-05-23 08:11:28,118 DEBUG [AWT-EventQueue-0] com.wifictrl.sender.ui.Main(110) - Mouse exited
2015-05-23 08:11:28,119 DEBUG [AWT-EventQueue-0] com.wifictrl.sender.ui.Main(110) - Mouse entered
2015-05-23 08:11:28,126 DEBUG [AWT-EventQueue-0] com.wifictrl.sender.ui.Main(110) - Mouse exited
2015-05-23 08:11:28,599 DEBUG [AWT-EventQueue-0] com.wifictrl.sender.ui.Main(110) - Mouse entered
2015-05-23 08:11:28,919 DEBUG [AWT-EventQueue-0] com.wifictrl.sender.ui.Main(110) - Mouse exited
2015-05-23 08:12:53,518 DEBUG [AWT-EventQueue-0] com.wifictrl.sender.ui.Main(110) - Mouse entered
2015-05-23 08:12:53,520 DEBUG [AWT-EventQueue-0] com.wifictrl.sender.ui.Main(110) - Mouse exited  (404, 152)
2015-05-23 08:12:53,521 DEBUG [AWT-EventQueue-0] com.wifictrl.sender.ui.Main(110) - Mouse entered
2015-05-23 08:12:56,425 DEBUG [AWT-EventQueue-0] com.wifictrl.sender.ui.Main(110) - Mouse pressed (# of clicks: 1)
2015-05-23 08:12:56,534 DEBUG [AWT-EventQueue-0] com.wifictrl.sender.ui.Main(110) - Mouse released (# of clicks: 0)
2015-05-23 08:12:58,430 DEBUG [AWT-EventQueue-0] com.wifictrl.sender.ui.Main(110) - Mouse exited  (-16, 123)
2015-05-23 08:12:58,431 DEBUG [AWT-EventQueue-0] com.wifictrl.sender.ui.Main(110) - Mouse entered
2015-05-23 08:12:58,438 DEBUG [AWT-EventQueue-0] com.wifictrl.sender.ui.Main(110) - Mouse exited  (-1, 148)
2015-05-23 08:12:58,566 DEBUG [AWT-EventQueue-0] com.wifictrl.sender.ui.Main(110) - Mouse entered
2015-05-23 08:12:58,590 DEBUG [AWT-EventQueue-0] com.wifictrl.sender.ui.Main(110) - Mouse exited  (29, 158)
2015-05-23 08:12:58,591 DEBUG [AWT-EventQueue-0] com.wifictrl.sender.ui.Main(110) - Mouse entered
2015-05-23 08:13:02,925 DEBUG [AWT-EventQueue-0] com.wifictrl.sender.ui.Main(110) - Mouse exited  (148, -6)
2015-05-23 08:13:02,927 DEBUG [AWT-EventQueue-0] com.wifictrl.sender.ui.Main(110) - Mouse entered
2015-05-23 08:13:02,941 DEBUG [AWT-EventQueue-0] com.wifictrl.sender.ui.Main(110) - Mouse exited  (170, -6)
2015-05-23 08:13:03,702 DEBUG [AWT-EventQueue-0] com.wifictrl.sender.ui.Main(110) - Mouse entered
2015-05-23 08:13:03,718 DEBUG [AWT-EventQueue-0] com.wifictrl.sender.ui.Main(110) - Mouse exited  (277, 26)
2015-05-23 08:13:03,719 DEBUG [AWT-EventQueue-0] com.wifictrl.sender.ui.Main(110) - Mouse entered
2015-05-23 08:13:05,070 DEBUG [AWT-EventQueue-0] com.wifictrl.sender.ui.Main(110) - Mouse exited  (903, -17)
2015-05-23 08:13:05,071 DEBUG [AWT-EventQueue-0] com.wifictrl.sender.ui.Main(110) - Mouse entered
2015-05-23 08:13:05,078 DEBUG [AWT-EventQueue-0] com.wifictrl.sender.ui.Main(110) - Mouse exited  (923, -34)
2015-05-23 08:13:10,014 DEBUG [AWT-EventQueue-0] com.wifictrl.sender.ui.Main(110) - Mouse entered
2015-05-23 08:13:10,021 DEBUG [AWT-EventQueue-0] com.wifictrl.sender.ui.Main(110) - Mouse exited  (429, 37)
2015-05-23 08:13:10,022 DEBUG [AWT-EventQueue-0] com.wifictrl.sender.ui.Main(110) - Mouse entered
2015-05-23 08:13:10,942 DEBUG [AWT-EventQueue-0] com.wifictrl.sender.ui.Main(110) - Mouse pressed (# of clicks: 1)
2015-05-23 08:13:11,021 DEBUG [AWT-EventQueue-0] com.wifictrl.sender.ui.Main(110) - Mouse released (# of clicks: 1)
2015-05-23 08:13:11,035 DEBUG [AWT-EventQueue-0] com.wifictrl.sender.ui.Main(110) - Mouse clicked (# of clicks: 1)
2015-05-23 08:13:11,989 DEBUG [AWT-EventQueue-0] com.wifictrl.sender.ui.Main(110) - Mouse exited  (1327, 0)
2015-05-23 08:13:11,990 DEBUG [AWT-EventQueue-0] com.wifictrl.sender.ui.Main(110) - Mouse entered
2015-05-23 08:13:12,054 DEBUG [AWT-EventQueue-0] com.wifictrl.sender.ui.Main(110) - Mouse exited  (1343, 20)
2015-05-23 08:13:12,055 DEBUG [AWT-EventQueue-0] com.wifictrl.sender.ui.Main(110) - Mouse entered
2015-05-23 08:13:13,790 DEBUG [AWT-EventQueue-0] com.wifictrl.sender.ui.Main(110) - Mouse exited  (805, -8)
2015-05-23 08:13:13,791 DEBUG [AWT-EventQueue-0] com.wifictrl.sender.ui.Main(110) - Mouse entered
2015-05-23 08:13:13,797 DEBUG [AWT-EventQueue-0] com.wifictrl.sender.ui.Main(110) - Mouse exited  (838, -1)
2015-05-23 08:13:19,814 DEBUG [AWT-EventQueue-0] com.wifictrl.sender.ui.Main(110) - Mouse entered
2015-05-23 08:13:19,821 DEBUG [AWT-EventQueue-0] com.wifictrl.sender.ui.Main(110) - Mouse exited  (430, 38)
2015-05-23 08:13:19,823 DEBUG [AWT-EventQueue-0] com.wifictrl.sender.ui.Main(110) - Mouse entered
2015-05-23 08:13:20,518 DEBUG [AWT-EventQueue-0] com.wifictrl.sender.ui.Main(110) - Mouse pressed (# of clicks: 1)
2015-05-23 08:13:20,613 DEBUG [AWT-EventQueue-0] com.wifictrl.sender.ui.Main(110) - Mouse released (# of clicks: 1)
2015-05-23 08:13:20,615 DEBUG [AWT-EventQueue-0] com.wifictrl.sender.ui.Main(110) - Mouse clicked (# of clicks: 1)
2015-05-23 08:13:31,621 DEBUG [AWT-EventQueue-0] com.wifictrl.sender.ui.Main(110) - Mouse exited  (1345, 578)
2015-05-23 08:13:31,623 DEBUG [AWT-EventQueue-0] com.wifictrl.sender.ui.Main(110) - Mouse entered
2015-05-23 08:13:32,949 DEBUG [AWT-EventQueue-0] com.wifictrl.sender.ui.Main(110) - Mouse exited  (1342, 696)
2015-05-23 08:13:32,951 DEBUG [AWT-EventQueue-0] com.wifictrl.sender.ui.Main(110) - Mouse entered
2015-05-23 08:13:33,165 DEBUG [AWT-EventQueue-0] com.wifictrl.sender.ui.Main(110) - Mouse exited  (-18, 234)
2015-05-23 08:13:33,166 DEBUG [AWT-EventQueue-0] com.wifictrl.sender.ui.Main(110) - Mouse entered
2015-05-23 08:13:33,381 DEBUG [AWT-EventQueue-0] com.wifictrl.sender.ui.Main(110) - Mouse exited  (26, 250)
2015-05-23 08:13:33,382 DEBUG [AWT-EventQueue-0] com.wifictrl.sender.ui.Main(110) - Mouse entered
2015-05-23 08:13:34,749 DEBUG [AWT-EventQueue-0] com.wifictrl.sender.ui.Main(110) - Mouse exited  (264, -3)
2015-05-23 08:13:34,750 DEBUG [AWT-EventQueue-0] com.wifictrl.sender.ui.Main(110) - Mouse entered
2015-05-23 08:13:34,813 DEBUG [AWT-EventQueue-0] com.wifictrl.sender.ui.Main(110) - Mouse exited  (214, -1)
2015-05-23 08:13:37,118 DEBUG [AWT-EventQueue-0] com.wifictrl.sender.ui.Main(110) - Mouse entered
2015-05-23 08:13:37,133 DEBUG [AWT-EventQueue-0] com.wifictrl.sender.ui.Main(110) - Mouse exited  (481, 26)
2015-05-23 08:13:37,135 DEBUG [AWT-EventQueue-0] com.wifictrl.sender.ui.Main(110) - Mouse entered
2015-05-23 08:13:37,693 DEBUG [AWT-EventQueue-0] com.wifictrl.sender.ui.Main(110) - Mouse exited  (1077, -8)
2015-05-23 08:13:37,694 DEBUG [AWT-EventQueue-0] com.wifictrl.sender.ui.Main(110) - Mouse entered
2015-05-23 08:13:37,701 DEBUG [AWT-EventQueue-0] com.wifictrl.sender.ui.Main(110) - Mouse exited  (1088, -7)
2015-05-23 08:13:49,981 DEBUG [AWT-EventQueue-0] com.wifictrl.sender.ui.Main(110) - Mouse entered
2015-05-23 08:13:49,989 DEBUG [AWT-EventQueue-0] com.wifictrl.sender.ui.Main(110) - Mouse exited  (503, 21)
2015-05-23 08:13:49,990 DEBUG [AWT-EventQueue-0] com.wifictrl.sender.ui.Main(110) - Mouse entered
2015-05-23 08:13:50,246 DEBUG [AWT-EventQueue-0] com.wifictrl.sender.ui.Main(110) - Mouse pressed (# of clicks: 1)
2015-05-23 08:13:50,765 DEBUG [AWT-EventQueue-0] com.wifictrl.sender.ui.Main(110) - Mouse released (# of clicks: 0)
2015-05-23 08:13:51,157 DEBUG [AWT-EventQueue-0] com.wifictrl.sender.ui.Main(110) - Mouse exited  (800, -6)
2015-05-23 08:13:51,158 DEBUG [AWT-EventQueue-0] com.wifictrl.sender.ui.Main(110) - Mouse entered
2015-05-23 08:13:51,173 DEBUG [AWT-EventQueue-0] com.wifictrl.sender.ui.Main(110) - Mouse exited  (820, -12)
2015-05-23 08:13:58,965 DEBUG [AWT-EventQueue-0] com.wifictrl.sender.ui.Main(110) - Mouse entered
2015-05-23 08:13:59,525 DEBUG [AWT-EventQueue-0] com.wifictrl.sender.ui.Main(110) - Mouse exited  (1211, -1)
2015-05-23 08:14:00,365 DEBUG [AWT-EventQueue-0] com.wifictrl.sender.ui.Main(110) - Mouse entered
2015-05-23 08:14:00,829 DEBUG [AWT-EventQueue-0] com.wifictrl.sender.ui.Main(110) - Mouse exited  (413, 2)
2015-05-23 08:14:00,830 DEBUG [AWT-EventQueue-0] com.wifictrl.sender.ui.Main(110) - Mouse entered
2015-05-23 08:14:00,837 DEBUG [AWT-EventQueue-0] com.wifictrl.sender.ui.Main(110) - Mouse exited  (464, 7)
2015-05-23 08:14:05,109 DEBUG [AWT-EventQueue-0] com.wifictrl.sender.ui.Main(110) - Mouse entered
2015-05-23 08:14:05,133 DEBUG [AWT-EventQueue-0] com.wifictrl.sender.ui.Main(110) - Mouse exited  (410, 28)
2015-05-23 08:14:05,134 DEBUG [AWT-EventQueue-0] com.wifictrl.sender.ui.Main(110) - Mouse entered
2015-05-23 08:14:11,269 DEBUG [AWT-EventQueue-0] com.wifictrl.sender.ui.Main(110) - Mouse exited  (-7, 134)
2015-05-23 08:14:11,270 DEBUG [AWT-EventQueue-0] com.wifictrl.sender.ui.Main(110) - Mouse entered
2015-05-23 08:14:11,285 DEBUG [AWT-EventQueue-0] com.wifictrl.sender.ui.Main(110) - Mouse exited  (-1, 132)
2015-05-23 08:14:11,310 DEBUG [AWT-EventQueue-0] com.wifictrl.sender.ui.Main(110) - Mouse entered
2015-05-23 08:14:11,318 DEBUG [AWT-EventQueue-0] com.wifictrl.sender.ui.Main(110) - Mouse exited  (29, 100)
2015-05-23 08:14:11,319 DEBUG [AWT-EventQueue-0] com.wifictrl.sender.ui.Main(110) - Mouse entered
2015-05-23 08:14:12,253 DEBUG [AWT-EventQueue-0] com.wifictrl.sender.ui.Main(110) - Mouse exited  (-3, 203)
2015-05-23 08:14:12,254 DEBUG [AWT-EventQueue-0] com.wifictrl.sender.ui.Main(110) - Mouse entered
2015-05-23 08:14:12,277 DEBUG [AWT-EventQueue-0] com.wifictrl.sender.ui.Main(110) - Mouse exited  (36, 190)
2015-05-23 08:14:12,278 DEBUG [AWT-EventQueue-0] com.wifictrl.sender.ui.Main(110) - Mouse entered
2015-05-23 08:14:14,637 DEBUG [AWT-EventQueue-0] com.wifictrl.sender.ui.Main(110) - Mouse exited  (199, 411)
2015-05-23 08:14:14,638 DEBUG [AWT-EventQueue-0] com.wifictrl.sender.ui.Main(110) - Mouse entered
2015-05-23 08:14:14,669 DEBUG [AWT-EventQueue-0] com.wifictrl.sender.ui.Main(110) - Mouse exited  (167, 426)
2015-05-23 08:14:14,671 DEBUG [AWT-EventQueue-0] com.wifictrl.sender.ui.Main(110) - Mouse entered
2015-05-23 08:14:19,317 DEBUG [AWT-EventQueue-0] com.wifictrl.sender.ui.Main(110) - Mouse exited  (409, -2)
2015-05-23 08:14:19,318 DEBUG [AWT-EventQueue-0] com.wifictrl.sender.ui.Main(110) - Mouse entered
2015-05-23 08:14:19,373 DEBUG [AWT-EventQueue-0] com.wifictrl.sender.ui.Main(110) - Mouse exited  (448, -2)
2015-05-23 08:15:42,317 DEBUG [AWT-EventQueue-0] com.wifictrl.sender.ui.Main(110) - Mouse entered
2015-05-23 08:15:42,332 DEBUG [AWT-EventQueue-0] com.wifictrl.sender.ui.Main(110) - Mouse exited  (410, 21)
2015-05-23 08:15:42,333 DEBUG [AWT-EventQueue-0] com.wifictrl.sender.ui.Main(110) - Mouse entered
2015-05-23 08:15:42,821 DEBUG [AWT-EventQueue-0] com.wifictrl.sender.ui.Main(110) - Mouse pressed (# of clicks: 1)
2015-05-23 08:15:44,005 DEBUG [AWT-EventQueue-0] com.wifictrl.sender.ui.Main(110) - Mouse released (# of clicks: 0)
2015-05-23 08:15:44,789 DEBUG [AWT-EventQueue-0] com.wifictrl.sender.ui.Main(110) - Mouse pressed (# of clicks: 1)
2015-05-23 08:15:45,460 DEBUG [AWT-EventQueue-0] com.wifictrl.sender.ui.Main(110) - Mouse exited  (46, -1)
2015-05-23 08:15:45,461 DEBUG [AWT-EventQueue-0] com.wifictrl.sender.ui.Main(110) - Mouse entered
2015-05-23 08:15:45,588 DEBUG [AWT-EventQueue-0] com.wifictrl.sender.ui.Main(110) - Mouse released (# of clicks: 0)
2015-05-23 08:15:46,124 DEBUG [AWT-EventQueue-0] com.wifictrl.sender.ui.Main(110) - Mouse exited  (42, 21)
2015-05-23 08:15:46,125 DEBUG [AWT-EventQueue-0] com.wifictrl.sender.ui.Main(110) - Mouse entered
2015-05-23 08:15:48,308 DEBUG [AWT-EventQueue-0] com.wifictrl.sender.ui.Main(110) - Mouse exited  (-7, 189)
2015-05-23 08:15:48,309 DEBUG [AWT-EventQueue-0] com.wifictrl.sender.ui.Main(110) - Mouse entered
2015-05-23 08:15:48,316 DEBUG [AWT-EventQueue-0] com.wifictrl.sender.ui.Main(110) - Mouse exited  (-1, 209)
2015-05-23 08:15:48,405 DEBUG [AWT-EventQueue-0] com.wifictrl.sender.ui.Main(110) - Mouse entered
2015-05-23 08:15:48,412 DEBUG [AWT-EventQueue-0] com.wifictrl.sender.ui.Main(110) - Mouse exited  (26, 203)
2015-05-23 08:15:48,413 DEBUG [AWT-EventQueue-0] com.wifictrl.sender.ui.Main(110) - Mouse entered
2015-05-23 08:15:48,468 DEBUG [AWT-EventQueue-0] com.wifictrl.sender.ui.Main(110) - Mouse exited  (421, 122)
2015-05-23 08:15:48,469 DEBUG [AWT-EventQueue-0] com.wifictrl.sender.ui.Main(110) - Mouse entered
2015-05-23 08:15:48,477 DEBUG [AWT-EventQueue-0] com.wifictrl.sender.ui.Main(110) - Mouse exited  (494, 135)
2015-05-23 08:15:49,005 DEBUG [AWT-EventQueue-0] com.wifictrl.sender.ui.Main(110) - Mouse entered
2015-05-23 08:15:49,708 DEBUG [AWT-EventQueue-0] com.wifictrl.sender.ui.Main(110) - Mouse exited  (142, -22)
